[debug] [2025-11-30T06:23:05.239Z] ----------------------------------------------------------------------
[debug] [2025-11-30T06:23:05.501Z] Command:       C:\Program Files\nodejs\node.exe C:\Users\Dell\AppData\Roaming\npm\node_modules\firebase-tools\lib\bin\firebase.js init hosting
[debug] [2025-11-30T06:23:05.503Z] CLI Version:   14.26.0
[debug] [2025-11-30T06:23:05.504Z] Platform:      win32
[debug] [2025-11-30T06:23:05.505Z] Node Version:  v22.21.0
[debug] [2025-11-30T06:23:05.506Z] Time:          Sun Nov 30 2025 11:53:05 GMT+0530 (India Standard Time)
[debug] [2025-11-30T06:23:05.507Z] ----------------------------------------------------------------------
[debug] 
[info] 
     ######## #### ########  ######## ########     ###     ######  ########
     ##        ##  ##     ## ##       ##     ##  ##   ##  ##       ##
     ######    ##  ########  ######   ########  #########  ######  ######
     ##        ##  ##    ##  ##       ##     ## ##     ##       ## ##
     ##       #### ##     ## ######## ########  ##     ##  ######  ########

You're about to initialize a Firebase project in this directory:

  C:\Users\Dell\Desktop\E-commerce\major project

[info] 
=== Project Setup
[info] 
[info] First, let's associate this project directory with a Firebase project.
[info] You can create multiple project aliases by running firebase use --add, 
[info] 
[debug] [2025-11-30T06:24:51.330Z] > command requires scopes: ["email","openid","https://www.googleapis.com/auth/cloudplatformprojects.readonly","https://www.googleapis.com/auth/firebase","https://www.googleapis.com/auth/cloud-platform"]
[debug] [2025-11-30T06:24:51.331Z] > authorizing via signed-in user (anitakaliyana01@gmail.com)
[debug] [2025-11-30T06:24:51.333Z] Checked if tokens are valid: true, expires at: 1764487139044
[debug] [2025-11-30T06:24:51.334Z] Checked if tokens are valid: true, expires at: 1764487139044
[debug] [2025-11-30T06:24:51.731Z] >>> [apiv2][query] GET https://firebase.googleapis.com/v1beta1/projects pageSize=100
[debug] [2025-11-30T06:24:53.418Z] <<< [apiv2][status] GET https://firebase.googleapis.com/v1beta1/projects 200
[debug] [2025-11-30T06:24:53.418Z] <<< [apiv2][body] GET https://firebase.googleapis.com/v1beta1/projects [omitted]
[info] 
=== Hosting Setup
[debug] [2025-11-30T06:24:59.807Z] Checked if tokens are valid: true, expires at: 1764487139044
[debug] [2025-11-30T06:24:59.808Z] Checked if tokens are valid: true, expires at: 1764487139044
[debug] [2025-11-30T06:24:59.808Z] >>> [apiv2][query] GET https://firebase.googleapis.com/v1beta1/projects/e-commerce-d3e51 [none]
[debug] [2025-11-30T06:25:00.489Z] <<< [apiv2][status] GET https://firebase.googleapis.com/v1beta1/projects/e-commerce-d3e51 200
[debug] [2025-11-30T06:25:00.489Z] <<< [apiv2][body] GET https://firebase.googleapis.com/v1beta1/projects/e-commerce-d3e51 {"projectId":"e-commerce-d3e51","projectNumber":"743533909938","displayName":"E-Commerce","name":"projects/e-commerce-d3e51","resources":{"hostingSite":"e-commerce-d3e51"},"state":"ACTIVE","etag":"1_f69e0259-0536-4e8c-be49-00a5a0dc1bb7"}
[info] 
[info] Your public directory is the folder (relative to your project directory) that
[info] will contain Hosting assets to be uploaded with firebase deploy. If you
[info] have a build process for your assets, use your build's output directory.
[info] 
[info] 
[info] i  Didn't detect a .git folder. Assuming C:\Users\Dell\Desktop\E-commerce\major project is the project root. 
[info] i  Authorizing with GitHub to upload your service account to a GitHub repository's secrets store. 
[info] 
[info] Visit this URL on this device to log in:
[info] https://github.com/login/oauth/authorize?client_id=89cf50f02ac6aaed3484&state=1033365131&redirect_uri=http%3A%2F%2Flocalhost%3A9005&scope=read%3Auser%20repo%20public_repo
[info] 
[info] Waiting for authentication...
[debug] [2025-11-30T06:29:38.984Z] >>> [apiv2][query] POST https://github.com/login/oauth/access_token [none]
[debug] [2025-11-30T06:29:38.986Z] >>> [apiv2][body] POST https://github.com/login/oauth/access_token [stream]
[debug] [2025-11-30T06:29:39.951Z] <<< [apiv2][status] POST https://github.com/login/oauth/access_token 200
[debug] [2025-11-30T06:29:39.953Z] <<< [apiv2][body] POST https://github.com/login/oauth/access_token {"access_token":"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","token_type":"bearer","scope":"read:user,repo"}
[debug] [2025-11-30T06:29:40.035Z] >>> [apiv2][query] GET https://api.github.com/user [none]
[debug] [2025-11-30T06:29:40.805Z] <<< [apiv2][status] GET https://api.github.com/user 200
[debug] [2025-11-30T06:29:40.806Z] <<< [apiv2][body] GET https://api.github.com/user {"login":"Ak-Bishnoi1706","id":238332841,"node_id":"U_kgDODjSrqQ","avatar_url":"https://avatars.githubusercontent.com/u/238332841?v=4","gravatar_id":"","url":"https://api.github.com/users/Ak-Bishnoi1706","html_url":"https://github.com/Ak-Bishnoi1706","followers_url":"https://api.github.com/users/Ak-Bishnoi1706/followers","following_url":"https://api.github.com/users/Ak-Bishnoi1706/following{/other_user}","gists_url":"https://api.github.com/users/Ak-Bishnoi1706/gists{/gist_id}","starred_url":"https://api.github.com/users/Ak-Bishnoi1706/starred{/owner}{/repo}","subscriptions_url":"https://api.github.com/users/Ak-Bishnoi1706/subscriptions","organizations_url":"https://api.github.com/users/Ak-Bishnoi1706/orgs","repos_url":"https://api.github.com/users/Ak-Bishnoi1706/repos","events_url":"https://api.github.com/users/Ak-Bishnoi1706/events{/privacy}","received_events_url":"https://api.github.com/users/Ak-Bishnoi1706/received_events","type":"User","user_view_type":"private","site_admin":false,"name":"Anita Bishnoi","company":null,"blog":"","location":null,"email":null,"hireable":null,"bio":"Learning web development, Dsa(C), python, etc.\r\nSoon will become an good techie.","twitter_username":null,"notification_email":null,"public_repos":1,"public_gists":0,"followers":0,"following":0,"created_at":"2025-10-15T19:23:06Z","updated_at":"2025-11-30T06:27:18Z","private_gists":0,"total_private_repos":0,"owned_private_repos":0,"disk_usage":30,"collaborators":0,"two_factor_authentication":false,"plan":{"name":"free","space":976562499,"collaborators":0,"private_repos":10000}}
[info] 
[info] +  Success! Logged into GitHub as Ak-Bishnoi1706 
[info] 
